<?xml version="1.0" encoding="utf-8"?><testsuites><testsuite name="pytest" errors="0" failures="0" skipped="0" tests="80" time="30.086" timestamp="2026-02-12T22:31:53.159194+01:00" hostname="MacBookAir.fritz.box"><testcase classname="backend.tests.test_admin_portale_alloggi_routes" name="test_portale_get_requires_auth" time="0.583" /><testcase classname="backend.tests.test_admin_portale_alloggi_routes" name="test_portale_get_requires_admin_role" time="0.005" /><testcase classname="backend.tests.test_admin_portale_alloggi_routes" name="test_portale_update_requires_non_empty_payload" time="0.002" /><testcase classname="backend.tests.test_admin_portale_alloggi_routes" name="test_portale_update_user_not_found_returns_404" time="0.043" /><testcase classname="backend.tests.test_admin_portale_alloggi_routes" name="test_portale_test_credentials_not_configured_returns_400" time="0.192" /><testcase classname="backend.tests.test_admin_superadmin_validation" name="test_admin_create_requires_auth" time="0.030" /><testcase classname="backend.tests.test_admin_superadmin_validation" name="test_admin_create_missing_required_fields" time="0.002" /><testcase classname="backend.tests.test_admin_superadmin_validation" name="test_admin_change_password_requires_json_body" time="0.006" /><testcase classname="backend.tests.test_admin_superadmin_validation" name="test_admin_change_password_mismatch" time="0.002" /><testcase classname="backend.tests.test_admin_superadmin_validation" name="test_superadmin_create_user_requires_superadmin_role" time="0.003" /><testcase classname="backend.tests.test_admin_superadmin_validation" name="test_superadmin_create_user_requires_json_body" time="0.007" /><testcase classname="backend.tests.test_admin_superadmin_validation" name="test_superadmin_create_user_missing_fields" time="0.002" /><testcase classname="backend.tests.test_admin_superadmin_validation" name="test_superadmin_change_role_requires_id_role" time="0.002" /><testcase classname="backend.tests.test_admin_superadmin_validation" name="test_superadmin_reset_password_weak_password" time="0.001" /><testcase classname="backend.tests.test_admin_superadmin_validation" name="test_superadmin_create_association_missing_fields" time="0.002" /><testcase classname="backend.tests.test_superadmin_negative_matrix" name="test_structures_requires_superadmin_role" time="0.473" /><testcase classname="backend.tests.test_superadmin_negative_matrix" name="test_create_structure_missing_required_fields" time="0.241" /><testcase classname="backend.tests.test_superadmin_negative_matrix" name="test_create_structure_duplicate_name_city" time="0.416" /><testcase classname="backend.tests.test_superadmin_negative_matrix" name="test_update_structure_not_found" time="0.342" /><testcase classname="backend.tests.test_superadmin_negative_matrix" name="test_update_structure_empty_required_fields" time="0.277" /><testcase classname="backend.tests.test_superadmin_negative_matrix" name="test_delete_structure_not_found" time="0.386" /><testcase classname="backend.tests.test_superadmin_negative_matrix" name="test_restore_structure_not_found" time="0.370" /><testcase classname="backend.tests.test_superadmin_negative_matrix" name="test_update_user_not_found" time="0.264" /><testcase classname="backend.tests.test_superadmin_negative_matrix" name="test_update_user_duplicate_username" time="0.386" /><testcase classname="backend.tests.test_superadmin_negative_matrix" name="test_change_role_invalid_role_id" time="0.390" /><testcase classname="backend.tests.test_superadmin_negative_matrix" name="test_change_role_non_admin_role_rejected" time="0.334" /><testcase classname="backend.tests.test_superadmin_negative_matrix" name="test_reset_password_user_not_found" time="0.416" /><testcase classname="backend.tests.test_superadmin_negative_matrix" name="test_create_association_user_not_found" time="0.383" /><testcase classname="backend.tests.test_superadmin_negative_matrix" name="test_create_association_structure_not_found" time="0.424" /><testcase classname="backend.tests.test_superadmin_negative_matrix" name="test_create_association_duplicate_rejected" time="0.550" /><testcase classname="backend.tests.test_superadmin_negative_matrix" name="test_delete_association_not_found" time="0.269" /><testcase classname="backend.tests.test_superadmin_negative_matrix" name="test_dashboard_requires_superadmin_role" time="0.737" /><testcase classname="backend.tests.test_authz_matrix_api" name="test_rooms_structure_scope" time="0.791" /><testcase classname="backend.tests.test_authz_matrix_api" name="test_rooms_unmapped_admin_gets_empty_list" time="0.478" /><testcase classname="backend.tests.test_authz_matrix_api" name="test_rooms_superadmin_can_read_all" time="0.608" /><testcase classname="backend.tests.test_authz_matrix_api" name="test_reservation_monthly_scope" time="0.500" /><testcase classname="backend.tests.test_authz_matrix_api" name="test_reservation_structure_scope" time="0.467" /><testcase classname="backend.tests.test_authz_matrix_api" name="test_clients_endpoint_scope" time="0.624" /><testcase classname="backend.tests.test_authz_matrix_api" name="test_images_endpoint_scope" time="0.917" /><testcase classname="backend.tests.test_reservation_routes" name="test_create_reservation" time="0.890" /><testcase classname="backend.tests.test_reservation_routes" name="test_create_reservation_missing_fields" time="0.235" /><testcase classname="backend.tests.test_reservation_routes" name="test_create_reservation_invalid_date" time="0.327" /><testcase classname="backend.tests.test_reservation_routes" name="test_create_reservation_room_not_found" time="0.254" /><testcase classname="backend.tests.test_reservation_routes" name="test_get_reservations" time="0.295" /><testcase classname="backend.tests.test_reservation_routes" name="test_get_reservation_per_month" time="0.304" /><testcase classname="backend.tests.test_reservation_routes" name="test_get_reservations_per_month_basic" time="0.335" /><testcase classname="backend.tests.test_reservation_routes" name="test_get_reservations_per_month_no_reservations" time="0.307" /><testcase classname="backend.tests.test_reservation_routes" name="test_get_reservations_per_month_invalid_structure_id" time="0.281" /><testcase classname="backend.tests.test_reservation_routes" name="test_create_reservation_end_before_start_returns_400" time="0.305" /><testcase classname="backend.tests.test_reservation_routes" name="test_create_reservation_invalid_room_id_type_returns_400" time="0.210" /><testcase classname="backend.tests.test_reservation_routes" name="test_create_reservation_people_over_capacity_returns_400" time="0.308" /><testcase classname="backend.tests.test_reservation_routes" name="test_create_reservation_invalid_structure_id_type_returns_400" time="0.261" /><testcase classname="backend.tests.test_reservation_routes" name="test_update_reservation_success" time="0.361" /><testcase classname="backend.tests.test_reservation_routes" name="test_update_reservation_invalid_number_type_returns_400" time="0.239" /><testcase classname="backend.tests.test_reservation_routes" name="test_update_reservation_people_over_capacity_returns_400" time="0.372" /><testcase classname="backend.tests.test_reservation_routes" name="test_update_reservation_target_room_not_found_returns_404" time="0.324" /><testcase classname="backend.tests.test_reservation_routes" name="test_delete_reservation_success" time="0.282" /><testcase classname="backend.tests.test_reservation_routes" name="test_delete_reservation_not_found_returns_404" time="0.714" /><testcase classname="backend.tests.test_room_routes" name="test_add_room" time="0.711" /><testcase classname="backend.tests.test_room_routes" name="test_get_rooms" time="0.202" /><testcase classname="backend.tests.test_room_routes" name="test_get_room_by_id" time="0.335" /><testcase classname="backend.tests.test_room_routes" name="test_delete_room" time="0.377" /><testcase classname="backend.tests.test_room_routes" name="test_add_room_invalid_data" time="0.205" /><testcase classname="backend.tests.test_room_routes" name="test_get_room_not_found" time="0.317" /><testcase classname="backend.tests.test_room_routes" name="test_delete_room_not_found" time="0.194" /><testcase classname="backend.tests.test_room_routes" name="test_get_rooms_empty" time="0.335" /><testcase classname="backend.tests.test_room_routes" name="test_add_room_with_existing_id" time="0.278" /><testcase classname="backend.tests.test_room_routes" name="test_get_rooms_invalid_structure_query_returns_400" time="0.303" /><testcase classname="backend.tests.test_room_routes" name="test_add_room_invalid_structure_type_returns_400" time="0.235" /><testcase classname="backend.tests.test_room_routes" name="test_update_room_success" time="0.336" /><testcase classname="backend.tests.test_room_routes" name="test_update_room_invalid_capacity_returns_400" time="0.187" /><testcase classname="backend.tests.test_room_routes" name="test_update_room_invalid_is_active_type_returns_400" time="0.286" /><testcase classname="backend.tests.test_room_routes" name="test_update_room_not_found_returns_404" time="0.607" /><testcase classname="backend.tests.test_upload_reservation_routes" name="test_successful_upload" time="1.584" /><testcase classname="backend.tests.test_upload_reservation_routes" name="test_upload_missing_files" time="0.001" /><testcase classname="backend.tests.test_upload_reservation_routes" name="test_upload_nonexistent_reservation" time="0.899" /><testcase classname="backend.tests.test_upload_reservation_routes" name="test_upload_invalid_gender_returns_validation_error" time="0.484" /><testcase classname="backend.tests.test_upload_token_security" name="test_upload_rejects_missing_token" time="0.030" /><testcase classname="backend.tests.test_upload_token_security" name="test_upload_rejects_invalid_token" time="0.003" /><testcase classname="backend.tests.test_upload_token_security" name="test_upload_rejects_expired_token" time="2.029" /></testsuite></testsuites>