<?xml version="1.0" encoding="utf-8"?><testsuites><testsuite name="pytest" errors="0" failures="0" skipped="0" tests="9" time="1.860" timestamp="2025-02-12T20:25:48.993844+01:00" hostname="Giovannis-MacBook-Air.fritz.box"><testcase classname="tests.test_reservation_routes" name="test_create_reservation" time="0.507" /><testcase classname="tests.test_reservation_routes" name="test_create_reservation_missing_fields" time="0.001" /><testcase classname="tests.test_reservation_routes" name="test_create_reservation_invalid_date" time="0.136" /><testcase classname="tests.test_reservation_routes" name="test_create_reservation_room_not_found" time="0.019" /><testcase classname="tests.test_reservation_routes" name="test_get_reservations" time="0.001" /><testcase classname="tests.test_reservation_routes" name="test_get_reservation_per_month" time="0.218" /><testcase classname="tests.test_reservation_routes" name="test_get_reservations_per_month_basic" time="0.203" /><testcase classname="tests.test_reservation_routes" name="test_get_reservations_per_month_no_reservations" time="0.193" /><testcase classname="tests.test_reservation_routes" name="test_get_reservations_per_month_invalid_structure_id" time="0.369" /></testsuite></testsuites>